{"C:\\Proyectos\\React\\Proyectos React con Backend\\rest_api_node_ts_server\\src\\router.ts": {"path":"C:\\Proyectos\\React\\Proyectos React con Backend\\rest_api_node_ts_server\\src\\router.ts","statementMap":{"0":{"start":{"line":1,"column":0},"end":{"line":1,"column":33}},"1":{"start":{"line":2,"column":0},"end":{"line":2,"column":null}},"2":{"start":{"line":10,"column":0},"end":{"line":10,"column":49}},"3":{"start":{"line":11,"column":0},"end":{"line":11,"column":null}},"4":{"start":{"line":17,"column":23},"end":{"line":17,"column":31}},"5":{"start":{"line":20,"column":0},"end":{"line":20,"column":37}},"6":{"start":{"line":21,"column":0},"end":{"line":26,"column":2}},"7":{"start":{"line":28,"column":0},"end":{"line":33,"column":2}},"8":{"start":{"line":35,"column":0},"end":{"line":40,"column":2}},"9":{"start":{"line":42,"column":0},"end":{"line":47,"column":2}},"10":{"start":{"line":49,"column":0},"end":{"line":54,"column":2}},"11":{"start":{"line":56,"column":0},"end":{"line":56,"column":30}}},"fnMap":{},"branchMap":{},"s":{"0":2,"1":2,"2":2,"3":2,"4":2,"5":2,"6":2,"7":2,"8":2,"9":2,"10":2,"11":2},"f":{},"b":{}}
,"C:\\Proyectos\\React\\Proyectos React con Backend\\rest_api_node_ts_server\\src\\server.ts": {"path":"C:\\Proyectos\\React\\Proyectos React con Backend\\rest_api_node_ts_server\\src\\server.ts","statementMap":{"0":{"start":{"line":1,"column":0},"end":{"line":1,"column":43}},"1":{"start":{"line":3,"column":0},"end":{"line":3,"column":29}},"2":{"start":{"line":4,"column":0},"end":{"line":4,"column":38}},"3":{"start":{"line":8,"column":2},"end":{"line":15,"column":3}},"4":{"start":{"line":9,"column":4},"end":{"line":9,"column":28}},"5":{"start":{"line":10,"column":4},"end":{"line":10,"column":14}},"6":{"start":{"line":18,"column":0},"end":{"line":18,"column":12}},"7":{"start":{"line":20,"column":24},"end":{"line":20,"column":33}},"8":{"start":{"line":21,"column":0},"end":{"line":21,"column":27}},"9":{"start":{"line":23,"column":0},"end":{"line":23,"column":44}},"10":{"start":{"line":25,"column":0},"end":{"line":27,"column":3}},"11":{"start":{"line":26,"column":2},"end":{"line":26,"column":33}},"12":{"start":{"line":29,"column":0},"end":{"line":29,"column":22}}},"fnMap":{"0":{"name":"connectDB","decl":{"start":{"line":7,"column":15},"end":{"line":7,"column":24}},"loc":{"start":{"line":7,"column":24},"end":{"line":16,"column":1}}},"1":{"name":"(anonymous_2)","decl":{"start":{"line":25,"column":19},"end":{"line":25,"column":20}},"loc":{"start":{"line":25,"column":32},"end":{"line":27,"column":1}}}},"branchMap":{},"s":{"0":2,"1":2,"2":2,"3":2,"4":2,"5":1,"6":2,"7":2,"8":2,"9":2,"10":2,"11":1,"12":2},"f":{"0":2,"1":1},"b":{}}
,"C:\\Proyectos\\React\\Proyectos React con Backend\\rest_api_node_ts_server\\src\\config\\db.ts": {"path":"C:\\Proyectos\\React\\Proyectos React con Backend\\rest_api_node_ts_server\\src\\config\\db.ts","statementMap":{"0":{"start":{"line":1,"column":0},"end":{"line":1,"column":49}},"1":{"start":{"line":2,"column":0},"end":{"line":2,"column":28}},"2":{"start":{"line":3,"column":0},"end":{"line":3,"column":16}},"3":{"start":{"line":5,"column":11},"end":{"line":8,"column":2}},"4":{"start":{"line":10,"column":0},"end":{"line":10,"column":18}}},"fnMap":{},"branchMap":{},"s":{"0":2,"1":2,"2":2,"3":2,"4":2},"f":{},"b":{}}
,"C:\\Proyectos\\React\\Proyectos React con Backend\\rest_api_node_ts_server\\src\\handlers\\product.ts": {"path":"C:\\Proyectos\\React\\Proyectos React con Backend\\rest_api_node_ts_server\\src\\handlers\\product.ts","statementMap":{"0":{"start":{"line":2,"column":0},"end":{"line":2,"column":46}},"1":{"start":{"line":4,"column":27},"end":{"line":13,"column":1}},"2":{"start":{"line":5,"column":2},"end":{"line":12,"column":3}},"3":{"start":{"line":6,"column":21},"end":{"line":8,"column":6}},"4":{"start":{"line":9,"column":4},"end":{"line":9,"column":33}},"5":{"start":{"line":11,"column":4},"end":{"line":11,"column":23}},"6":{"start":{"line":4,"column":13},"end":{"line":4,"column":27}},"7":{"start":{"line":15,"column":30},"end":{"line":28,"column":1}},"8":{"start":{"line":16,"column":2},"end":{"line":27,"column":20}},"9":{"start":{"line":17,"column":19},"end":{"line":17,"column":29}},"10":{"start":{"line":18,"column":20},"end":{"line":18,"column":47}},"11":{"start":{"line":20,"column":4},"end":{"line":24,"column":5}},"12":{"start":{"line":21,"column":6},"end":{"line":23,"column":9}},"13":{"start":{"line":26,"column":4},"end":{"line":26,"column":32}},"14":{"start":{"line":15,"column":13},"end":{"line":15,"column":30}},"15":{"start":{"line":30,"column":29},"end":{"line":37,"column":1}},"16":{"start":{"line":31,"column":2},"end":{"line":36,"column":3}},"17":{"start":{"line":32,"column":20},"end":{"line":32,"column":50}},"18":{"start":{"line":33,"column":4},"end":{"line":33,"column":44}},"19":{"start":{"line":35,"column":4},"end":{"line":35,"column":23}},"20":{"start":{"line":30,"column":13},"end":{"line":30,"column":29}},"21":{"start":{"line":39,"column":29},"end":{"line":52,"column":1}},"22":{"start":{"line":40,"column":17},"end":{"line":40,"column":27}},"23":{"start":{"line":41,"column":18},"end":{"line":41,"column":45}},"24":{"start":{"line":43,"column":2},"end":{"line":47,"column":3}},"25":{"start":{"line":44,"column":4},"end":{"line":46,"column":7}},"26":{"start":{"line":49,"column":2},"end":{"line":49,"column":33}},"27":{"start":{"line":50,"column":2},"end":{"line":50,"column":23}},"28":{"start":{"line":51,"column":2},"end":{"line":51,"column":30}},"29":{"start":{"line":39,"column":13},"end":{"line":39,"column":29}},"30":{"start":{"line":54,"column":34},"end":{"line":68,"column":1}},"31":{"start":{"line":55,"column":17},"end":{"line":55,"column":27}},"32":{"start":{"line":56,"column":18},"end":{"line":56,"column":45}},"33":{"start":{"line":58,"column":2},"end":{"line":62,"column":3}},"34":{"start":{"line":59,"column":4},"end":{"line":61,"column":7}},"35":{"start":{"line":65,"column":2},"end":{"line":65,"column":58}},"36":{"start":{"line":66,"column":2},"end":{"line":66,"column":23}},"37":{"start":{"line":67,"column":2},"end":{"line":67,"column":30}},"38":{"start":{"line":54,"column":13},"end":{"line":54,"column":34}},"39":{"start":{"line":70,"column":29},"end":{"line":82,"column":1}},"40":{"start":{"line":71,"column":17},"end":{"line":71,"column":27}},"41":{"start":{"line":72,"column":18},"end":{"line":72,"column":45}},"42":{"start":{"line":74,"column":2},"end":{"line":78,"column":3}},"43":{"start":{"line":75,"column":4},"end":{"line":77,"column":7}},"44":{"start":{"line":80,"column":2},"end":{"line":80,"column":26}},"45":{"start":{"line":81,"column":2},"end":{"line":81,"column":43}},"46":{"start":{"line":70,"column":13},"end":{"line":70,"column":29}}},"fnMap":{"0":{"name":"(anonymous_1)","decl":{"start":{"line":4,"column":27},"end":{"line":4,"column":32}},"loc":{"start":{"line":4,"column":65},"end":{"line":13,"column":1}}},"1":{"name":"(anonymous_2)","decl":{"start":{"line":15,"column":30},"end":{"line":15,"column":35}},"loc":{"start":{"line":15,"column":68},"end":{"line":28,"column":1}}},"2":{"name":"(anonymous_3)","decl":{"start":{"line":30,"column":29},"end":{"line":30,"column":34}},"loc":{"start":{"line":30,"column":67},"end":{"line":37,"column":1}}},"3":{"name":"(anonymous_4)","decl":{"start":{"line":39,"column":29},"end":{"line":39,"column":34}},"loc":{"start":{"line":39,"column":67},"end":{"line":52,"column":1}}},"4":{"name":"(anonymous_5)","decl":{"start":{"line":54,"column":34},"end":{"line":54,"column":39}},"loc":{"start":{"line":54,"column":72},"end":{"line":68,"column":1}}},"5":{"name":"(anonymous_6)","decl":{"start":{"line":70,"column":29},"end":{"line":70,"column":34}},"loc":{"start":{"line":70,"column":67},"end":{"line":82,"column":1}}}},"branchMap":{"0":{"loc":{"start":{"line":20,"column":4},"end":{"line":24,"column":5}},"type":"if","locations":[{"start":{"line":20,"column":4},"end":{"line":24,"column":5}},{"start":{},"end":{}}]},"1":{"loc":{"start":{"line":43,"column":2},"end":{"line":47,"column":3}},"type":"if","locations":[{"start":{"line":43,"column":2},"end":{"line":47,"column":3}},{"start":{},"end":{}}]},"2":{"loc":{"start":{"line":58,"column":2},"end":{"line":62,"column":3}},"type":"if","locations":[{"start":{"line":58,"column":2},"end":{"line":62,"column":3}},{"start":{},"end":{}}]},"3":{"loc":{"start":{"line":74,"column":2},"end":{"line":78,"column":3}},"type":"if","locations":[{"start":{"line":74,"column":2},"end":{"line":78,"column":3}},{"start":{},"end":{}}]}},"s":{"0":2,"1":2,"2":2,"3":2,"4":2,"5":0,"6":2,"7":2,"8":2,"9":2,"10":2,"11":2,"12":1,"13":1,"14":2,"15":2,"16":4,"17":4,"18":4,"19":0,"20":2,"21":2,"22":2,"23":2,"24":2,"25":1,"26":1,"27":1,"28":1,"29":2,"30":2,"31":0,"32":0,"33":0,"34":0,"35":0,"36":0,"37":0,"38":2,"39":2,"40":2,"41":2,"42":2,"43":1,"44":1,"45":1,"46":2},"f":{"0":2,"1":2,"2":4,"3":2,"4":0,"5":2},"b":{"0":[1,1],"1":[1,1],"2":[0,0],"3":[1,1]}}
,"C:\\Proyectos\\React\\Proyectos React con Backend\\rest_api_node_ts_server\\src\\middleware\\index.ts": {"path":"C:\\Proyectos\\React\\Proyectos React con Backend\\rest_api_node_ts_server\\src\\middleware\\index.ts","statementMap":{"0":{"start":{"line":2,"column":0},"end":{"line":2,"column":53}},"1":{"start":{"line":4,"column":33},"end":{"line":14,"column":1}},"2":{"start":{"line":9,"column":15},"end":{"line":9,"column":36}},"3":{"start":{"line":10,"column":2},"end":{"line":12,"column":3}},"4":{"start":{"line":11,"column":4},"end":{"line":11,"column":60}},"5":{"start":{"line":13,"column":2},"end":{"line":13,"column":9}},"6":{"start":{"line":4,"column":13},"end":{"line":4,"column":33}}},"fnMap":{"0":{"name":"(anonymous_0)","decl":{"start":{"line":4,"column":33},"end":{"line":4,"column":null}},"loc":{"start":{"line":8,"column":4},"end":{"line":14,"column":1}}}},"branchMap":{"0":{"loc":{"start":{"line":10,"column":2},"end":{"line":12,"column":3}},"type":"if","locations":[{"start":{"line":10,"column":2},"end":{"line":12,"column":3}},{"start":{},"end":{}}]}},"s":{"0":2,"1":2,"2":18,"3":18,"4":8,"5":10,"6":2},"f":{"0":18},"b":{"0":[8,10]}}
,"C:\\Proyectos\\React\\Proyectos React con Backend\\rest_api_node_ts_server\\src\\middleware\\product.validation.ts": {"path":"C:\\Proyectos\\React\\Proyectos React con Backend\\rest_api_node_ts_server\\src\\middleware\\product.validation.ts","statementMap":{"0":{"start":{"line":1,"column":0},"end":{"line":1,"column":48}},"1":{"start":{"line":3,"column":13},"end":{"line":14,"column":2}},"2":{"start":{"line":12,"column":23},"end":{"line":12,"column":32}},"3":{"start":{"line":16,"column":13},"end":{"line":16,"column":58}},"4":{"start":{"line":18,"column":13},"end":{"line":20,"column":2}},"5":{"start":{"line":22,"column":13},"end":{"line":28,"column":2}}},"fnMap":{"0":{"name":"(anonymous_0)","decl":{"start":{"line":12,"column":12},"end":{"line":12,"column":13}},"loc":{"start":{"line":12,"column":23},"end":{"line":12,"column":32}}}},"branchMap":{},"s":{"0":2,"1":2,"2":12,"3":2,"4":2,"5":2},"f":{"0":12},"b":{}}
,"C:\\Proyectos\\React\\Proyectos React con Backend\\rest_api_node_ts_server\\src\\models\\Product.model.ts": {"path":"C:\\Proyectos\\React\\Proyectos React con Backend\\rest_api_node_ts_server\\src\\models\\Product.model.ts","statementMap":{"0":{"start":{"line":1,"column":0},"end":{"line":1,"column":79}},"1":{"start":{"line":6,"column":0},"end":{"line":22,"column":null}},"2":{"start":{"line":10,"column":10},"end":{"line":10,"column":null}},"3":{"start":{"line":15,"column":10},"end":{"line":15,"column":null}},"4":{"start":{"line":21,"column":10},"end":{"line":21,"column":null}},"5":{"start":{"line":6,"column":6},"end":{"line":22,"column":null}},"6":{"start":{"line":24,"column":0},"end":{"line":24,"column":23}}},"fnMap":{},"branchMap":{},"s":{"0":2,"1":2,"2":2,"3":2,"4":2,"5":2,"6":2},"f":{},"b":{}}
}
