TN:
SF:src\router.ts
FNF:0
FNH:0
DA:1,2
DA:2,2
DA:10,2
DA:11,2
DA:17,2
DA:20,2
DA:21,2
DA:28,2
DA:35,2
DA:42,2
DA:49,2
DA:56,2
LF:12
LH:12
BRF:0
BRH:0
end_of_record
TN:
SF:src\server.ts
FN:7,connectDB
FN:25,(anonymous_2)
FNF:2
FNH:2
FNDA:3,connectDB
FNDA:1,(anonymous_2)
DA:1,2
DA:2,2
DA:3,2
DA:4,2
DA:7,2
DA:8,3
DA:9,3
DA:10,2
DA:14,1
DA:18,2
DA:20,2
DA:21,2
DA:23,2
DA:25,2
DA:26,1
DA:29,2
LF:16
LH:16
BRF:0
BRH:0
end_of_record
TN:
SF:src\config\db.ts
FNF:0
FNH:0
DA:1,2
DA:2,2
DA:3,2
DA:5,2
DA:10,2
LF:5
LH:5
BRF:0
BRH:0
end_of_record
TN:
SF:src\handlers\product.ts
FN:4,(anonymous_1)
FN:15,(anonymous_2)
FN:30,(anonymous_3)
FN:39,(anonymous_4)
FN:54,(anonymous_5)
FN:70,(anonymous_6)
FNF:6
FNH:6
FNDA:2,(anonymous_1)
FNDA:2,(anonymous_2)
FNDA:4,(anonymous_3)
FNDA:2,(anonymous_4)
FNDA:2,(anonymous_5)
FNDA:2,(anonymous_6)
DA:2,2
DA:4,2
DA:5,2
DA:6,2
DA:9,2
DA:11,0
DA:15,2
DA:16,2
DA:17,2
DA:18,2
DA:20,2
DA:21,1
DA:26,1
DA:30,2
DA:31,4
DA:32,4
DA:33,4
DA:35,0
DA:39,2
DA:40,2
DA:41,2
DA:43,2
DA:44,1
DA:49,1
DA:50,1
DA:51,1
DA:54,2
DA:55,2
DA:56,2
DA:58,2
DA:59,1
DA:65,1
DA:66,1
DA:67,1
DA:70,2
DA:71,2
DA:72,2
DA:74,2
DA:75,1
DA:80,1
DA:81,1
LF:41
LH:39
BRDA:20,0,0,1
BRDA:20,0,1,1
BRDA:43,1,0,1
BRDA:43,1,1,1
BRDA:58,2,0,1
BRDA:58,2,1,1
BRDA:74,3,0,1
BRDA:74,3,1,1
BRF:8
BRH:8
end_of_record
TN:
SF:src\middleware\index.ts
FN:4,(anonymous_0)
FNF:1
FNH:1
FNDA:20,(anonymous_0)
DA:2,2
DA:4,2
DA:9,20
DA:10,20
DA:11,8
DA:13,12
LF:6
LH:6
BRDA:10,0,0,8
BRDA:10,0,1,12
BRF:2
BRH:2
end_of_record
TN:
SF:src\middleware\product.validation.ts
FN:12,(anonymous_0)
FNF:1
FNH:1
FNDA:12,(anonymous_0)
DA:1,2
DA:3,2
DA:12,12
DA:16,2
DA:18,2
DA:22,2
LF:6
LH:6
BRF:0
BRH:0
end_of_record
TN:
SF:src\models\Product.model.ts
FNF:0
FNH:0
DA:1,3
DA:6,3
DA:10,3
DA:15,3
DA:21,3
DA:24,3
LF:6
LH:6
BRF:0
BRH:0
end_of_record
